2025-02-03 16:30:26,840 INFO Set uid to user 0 succeeded
2025-02-03 16:30:26,843 INFO supervisord started with pid 1
2025-02-03 16:30:27,847 INFO spawned: 'nginx' with pid 11
2025-02-03 16:30:27,850 INFO spawned: 'php-fpm' with pid 12
2025-02-03 16:30:29,012 INFO success: nginx entered RUNNING state, process has stayed up for > than 1 seconds (startsecs)
2025-02-03 16:30:29,012 INFO success: php-fpm entered RUNNING state, process has stayed up for > than 1 seconds (startsecs)
2025-02-03 16:39:53,522 WARN received SIGQUIT indicating exit request
2025-02-03 16:39:53,544 INFO waiting for nginx, php-fpm to die
2025-02-03 16:39:53,722 INFO stopped: php-fpm (exit status 0)
2025-02-03 16:39:53,784 INFO stopped: nginx (exit status 0)
2025-02-04 15:33:56,496 INFO Set uid to user 0 succeeded
2025-02-04 15:33:56,500 INFO supervisord started with pid 1
2025-02-04 15:33:57,504 INFO spawned: 'nginx' with pid 11
2025-02-04 15:33:57,507 INFO spawned: 'php-fpm' with pid 12
2025-02-04 15:33:58,671 INFO success: nginx entered RUNNING state, process has stayed up for > than 1 seconds (startsecs)
2025-02-04 15:33:58,672 INFO success: php-fpm entered RUNNING state, process has stayed up for > than 1 seconds (startsecs)
2025-02-05 16:20:56,648 WARN received SIGQUIT indicating exit request
2025-02-05 16:20:56,666 INFO waiting for nginx, php-fpm to die
2025-02-05 16:20:56,827 INFO stopped: php-fpm (exit status 0)
2025-02-05 16:20:56,889 INFO stopped: nginx (exit status 0)
2025-02-06 16:06:19,135 INFO Set uid to user 0 succeeded
2025-02-06 16:06:19,138 INFO supervisord started with pid 1
2025-02-06 16:06:20,143 INFO spawned: 'nginx' with pid 11
2025-02-06 16:06:20,146 INFO spawned: 'php-fpm' with pid 12
2025-02-06 16:06:21,220 INFO success: nginx entered RUNNING state, process has stayed up for > than 1 seconds (startsecs)
2025-02-06 16:06:21,220 INFO success: php-fpm entered RUNNING state, process has stayed up for > than 1 seconds (startsecs)
2025-02-06 16:24:50,580 WARN received SIGQUIT indicating exit request
2025-02-06 16:24:50,592 INFO waiting for nginx, php-fpm to die
2025-02-06 16:24:50,659 INFO stopped: php-fpm (exit status 0)
2025-02-06 16:24:50,700 INFO stopped: nginx (exit status 0)
2025-02-09 11:00:34,835 INFO Set uid to user 0 succeeded
2025-02-09 11:00:34,838 INFO supervisord started with pid 1
2025-02-09 11:00:35,841 INFO spawned: 'nginx' with pid 11
2025-02-09 11:00:35,845 INFO spawned: 'php-fpm' with pid 12
2025-02-09 11:00:37,020 INFO success: nginx entered RUNNING state, process has stayed up for > than 1 seconds (startsecs)
2025-02-09 11:00:37,020 INFO success: php-fpm entered RUNNING state, process has stayed up for > than 1 seconds (startsecs)
